<?xml version="1.0" encoding="UTF-8"?>
<!-- Generated by org.testng.reporters.JUnitXMLReporter -->
<testsuite hostname="DESKTOP-94SQPTM" name="sum" tests="3" failures="1" timestamp="15 May 2019 11:28:46 GMT" time="0.043" errors="0">
  <testcase name="resultSumDouble" time="0.018" classname="myTestNG.Sum"/>
  <testcase name="resultSumLong" time="0.0" classname="myTestNG.Sum"/>
  <testcase name="resultMultDouble" time="0.001" classname="myTestNG.Multiplication">
    <failure type="java.lang.AssertionError" message="expected [0.1] but found [0.0]">
      <![CDATA[java.lang.AssertionError: expected [0.1] but found [0.0]
	at myTestNG.Multiplication.resultMultDouble(Multiplication.java:19)
	at runner.MySuiteRunner.main(MySuiteRunner.java:29)
... Removed 26 stack frames]]>
    </failure>
  </testcase> <!-- resultMultDouble -->
</testsuite> <!-- sum -->
