<!DOCTYPE html PUBLIC "-//W3C//DTD XHTML 1.1//EN" "http://www.w3.org/TR/xhtml11/DTD/xhtml11.dtd">
<html xmlns="http://www.w3.org/1999/xhtml"><head><title>TestNG Report</title><style type="text/css">table {margin-bottom:10px;border-collapse:collapse;empty-cells:show}th,td {border:1px solid #009;padding:.25em .5em}th {vertical-align:bottom}td {vertical-align:top}table a {font-weight:bold}.stripe td {background-color: #E6EBF9}.num {text-align:right}.passedodd td {background-color: #3F3}.passedeven td {background-color: #0A0}.skippedodd td {background-color: #DDD}.skippedeven td {background-color: #CCC}.failedodd td,.attn {background-color: #F33}.failedeven td,.stripe .attn {background-color: #D00}.stacktrace {white-space:pre;font-family:monospace}.totop {font-size:85%;text-align:center;border-bottom:2px solid #000}</style></head><body><table><tr><th>Test</th><th># Passed</th><th># Skipped</th><th># Failed</th><th>Time (ms)</th><th>Included Groups</th><th>Excluded Groups</th></tr><tr><th colspan="7">MySuite (1)</th></tr><tr><td><a href="#t0">ClassRunner</a></td><td class="num">5</td><td class="num attn">1</td><td class="num attn">1</td><td class="num">15</td><td></td><td></td></tr><tr><th colspan="7">MySuite (0)</th></tr><tr class="stripe"><td><a href="#t1">Division test</a></td><td class="num">4</td><td class="num">0</td><td class="num">0</td><td class="num">7</td><td></td><td></td></tr><tr><th colspan="7">My some suite tests</th></tr><tr><th colspan="7">MySuite</th></tr><tr><td><a href="#t2">sum</a></td><td class="num">2</td><td class="num">0</td><td class="num attn">1</td><td class="num">43</td><td>symma</td><td></td></tr><tr><th>Total</th><th class="num">11</th><th class="num attn">1</th><th class="num attn">2</th><th class="num">65</th><th colspan="2"></th></tr></table><table><thead><tr><th>Class</th><th>Method</th><th>Start</th><th>Time (ms)</th></tr></thead><tbody><tr><th colspan="4">MySuite (1)</th></tr></tbody><tbody id="t0"><tr><th colspan="4">ClassRunner &#8212; failed</th></tr><tr class="failedeven"><td rowspan="1">myTestNG.Multiplication</td><td><a href="#m0">resultMultDouble</a></td><td rowspan="1">1557919726901</td><td rowspan="1">1</td></tr><tr><th colspan="4">ClassRunner &#8212; skipped</th></tr><tr class="skippedeven"><td rowspan="1">myTestNG.Sum</td><td><a href="#m1">resultOfSumDouble2</a></td><td rowspan="1">1557919726909</td><td rowspan="1">0</td></tr><tr><th colspan="4">ClassRunner &#8212; passed</th></tr><tr class="passedeven"><td rowspan="1">myTestNG.Multiplication</td><td><a href="#m2">resuiltMultLong</a></td><td rowspan="1">1557919726896</td><td rowspan="1">0</td></tr><tr class="passedodd"><td rowspan="2">myTestNG.Subtraction</td><td><a href="#m3">resultSubDouble</a></td><td rowspan="1">1557919726904</td><td rowspan="1">0</td></tr><tr class="passedodd"><td><a href="#m4">resultSubLong</a></td><td rowspan="1">1557919726905</td><td rowspan="1">0</td></tr><tr class="passedeven"><td rowspan="2">myTestNG.Sum</td><td><a href="#m5">resultSumDouble</a></td><td rowspan="1">1557919726905</td><td rowspan="1">0</td></tr><tr class="passedeven"><td><a href="#m6">resultSumLong</a></td><td rowspan="1">1557919726905</td><td rowspan="1">0</td></tr></tbody><tbody><tr><th colspan="4">MySuite (0)</th></tr></tbody><tbody id="t1"><tr><th colspan="4">Division test &#8212; passed</th></tr><tr class="passedeven"><td rowspan="4">myTestNG.Division</td><td><a href="#m7">resultDivDouble</a></td><td rowspan="1">1557919726865</td><td rowspan="1">0</td></tr><tr class="passedeven"><td><a href="#m8">resultDivDouble3</a></td><td rowspan="1">1557919726865</td><td rowspan="1">0</td></tr><tr class="passedeven"><td><a href="#m9">resultDivLong</a></td><td rowspan="1">1557919726865</td><td rowspan="1">0</td></tr><tr class="passedeven"><td><a href="#m10">resultDivLong3</a></td><td rowspan="1">1557919726865</td><td rowspan="1">0</td></tr></tbody><tbody><tr><th colspan="4">My some suite tests</th></tr></tbody><tbody><tr><th colspan="4">MySuite</th></tr></tbody><tbody id="t2"><tr><th colspan="4">sum &#8212; failed</th></tr><tr class="failedeven"><td rowspan="1">myTestNG.Multiplication</td><td><a href="#m11">resultMultDouble</a></td><td rowspan="1">1557919726757</td><td rowspan="1">1</td></tr><tr><th colspan="4">sum &#8212; passed</th></tr><tr class="passedeven"><td rowspan="2">myTestNG.Sum</td><td><a href="#m12">resultSumDouble</a></td><td rowspan="1">1557919726737</td><td rowspan="1">18</td></tr><tr class="passedeven"><td><a href="#m13">resultSumLong</a></td><td rowspan="1">1557919726755</td><td rowspan="1">0</td></tr></tbody></table><h2>ClassRunner</h2><h3 id="m0">myTestNG.Multiplication#resultMultDouble</h3><table class="result"><tr><th>Exception</th></tr><tr><td><div class="stacktrace">java.lang.AssertionError: expected [0.1] but found [0.0]
	at myTestNG.Multiplication.resultMultDouble(Multiplication.java:19)
	at runner.MySuiteRunner.main(MySuiteRunner.java:29)
... Removed 26 stack frames</div></td></tr></table><p class="totop"><a href="#summary">back to summary</a></p><h3 id="m1">myTestNG.Sum#resultOfSumDouble2</h3><table class="result"><tr><th>Exception</th></tr><tr><td><div class="stacktrace">java.lang.Throwable: Method Sum.resultOfSumDouble2()[pri:0, instance:myTestNG.Sum@b065c63] depends on not successfully finished methods in group &quot;symma&quot;
	at runner.MySuiteRunner.main(MySuiteRunner.java:29)
... Removed 15 stack frames</div></td></tr></table><p class="totop"><a href="#summary">back to summary</a></p><h3 id="m2">myTestNG.Multiplication#resuiltMultLong</h3><table class="result"></table><p class="totop"><a href="#summary">back to summary</a></p><h3 id="m3">myTestNG.Subtraction#resultSubDouble</h3><table class="result"></table><p class="totop"><a href="#summary">back to summary</a></p><h3 id="m4">myTestNG.Subtraction#resultSubLong</h3><table class="result"></table><p class="totop"><a href="#summary">back to summary</a></p><h3 id="m5">myTestNG.Sum#resultSumDouble</h3><table class="result"></table><p class="totop"><a href="#summary">back to summary</a></p><h3 id="m6">myTestNG.Sum#resultSumLong</h3><table class="result"></table><p class="totop"><a href="#summary">back to summary</a></p><h2>Division test</h2><h3 id="m7">myTestNG.Division#resultDivDouble</h3><table class="result"></table><p class="totop"><a href="#summary">back to summary</a></p><h3 id="m8">myTestNG.Division#resultDivDouble3</h3><table class="result"></table><p class="totop"><a href="#summary">back to summary</a></p><h3 id="m9">myTestNG.Division#resultDivLong</h3><table class="result"></table><p class="totop"><a href="#summary">back to summary</a></p><h3 id="m10">myTestNG.Division#resultDivLong3</h3><table class="result"></table><p class="totop"><a href="#summary">back to summary</a></p><h2>sum</h2><h3 id="m11">myTestNG.Multiplication#resultMultDouble</h3><table class="result"><tr><th>Exception</th></tr><tr><td><div class="stacktrace">java.lang.AssertionError: expected [0.1] but found [0.0]
	at myTestNG.Multiplication.resultMultDouble(Multiplication.java:19)
	at runner.MySuiteRunner.main(MySuiteRunner.java:29)
... Removed 26 stack frames</div></td></tr></table><p class="totop"><a href="#summary">back to summary</a></p><h3 id="m12">myTestNG.Sum#resultSumDouble</h3><table class="result"></table><p class="totop"><a href="#summary">back to summary</a></p><h3 id="m13">myTestNG.Sum#resultSumLong</h3><table class="result"></table><p class="totop"><a href="#summary">back to summary</a></p></body></html>