<?xml version="1.0" encoding="UTF-8"?>
<!-- Generated by org.testng.reporters.JUnitXMLReporter -->
<testsuite hostname="DESKTOP-94SQPTM" name="ClassRunner" tests="7" failures="1" timestamp="15 May 2019 11:28:46 GMT" time="0.015" errors="0">
  <testcase name="resuiltMultLong" time="0.0" classname="myTestNG.Multiplication"/>
  <testcase name="resultMultDouble" time="0.001" classname="myTestNG.Multiplication">
    <failure type="java.lang.AssertionError" message="expected [0.1] but found [0.0]">
      <![CDATA[java.lang.AssertionError: expected [0.1] but found [0.0]
	at myTestNG.Multiplication.resultMultDouble(Multiplication.java:19)
	at runner.MySuiteRunner.main(MySuiteRunner.java:29)
... Removed 26 stack frames]]>
    </failure>
  </testcase> <!-- resultMultDouble -->
  <testcase name="resultSubDouble" time="0.0" classname="myTestNG.Subtraction"/>
  <testcase name="resultSubLong" time="0.0" classname="myTestNG.Subtraction"/>
  <testcase name="resultSumDouble" time="0.0" classname="myTestNG.Sum"/>
  <testcase name="resultSumLong" time="0.0" classname="myTestNG.Sum"/>
  <testcase name="resultOfSumDouble2" time="0.0" classname="myTestNG.Sum">
    <skipped/>
  </testcase> <!-- resultOfSumDouble2 -->
</testsuite> <!-- ClassRunner -->
